<?xml version="1.0" encoding="UTF-8"?>
<testng-results ignored="0" total="4" passed="4" failed="0" skipped="0">
  <reporter-output>
  </reporter-output>
  <suite started-at="2021-01-12T23:17:43 CET" name="tests.Tests" finished-at="2021-01-12T23:18:13 CET" duration-ms="30065">
    <groups>
    </groups>
    <test started-at="2021-01-12T23:17:43 CET" name="Command line test" finished-at="2021-01-12T23:18:13 CET" duration-ms="30065">
      <class name="tests.Tests">
        <test-method is-config="true" signature="setUp()[pri:0, instance:tests.Tests@396e2f39]" started-at="2021-01-12T23:17:43 CET" name="setUp" finished-at="2021-01-12T23:17:49 CET" duration-ms="5889" status="PASS">
          <reporter-output>
          </reporter-output>
        </test-method> <!-- setUp -->
        <test-method signature="pruebaCantidadDeCampos()[pri:0, instance:tests.Tests@396e2f39]" started-at="2021-01-12T23:17:49 CET" name="pruebaCantidadDeCampos" finished-at="2021-01-12T23:17:49 CET" duration-ms="533" status="PASS">
          <reporter-output>
          </reporter-output>
        </test-method> <!-- pruebaCantidadDeCampos -->
        <test-method is-config="true" signature="tearDown(org.testng.ITestResult)[pri:0, instance:tests.Tests@396e2f39]" started-at="2021-01-12T23:17:49 CET" name="tearDown" finished-at="2021-01-12T23:17:49 CET" duration-ms="35" status="PASS">
          <params>
            <param index="0">
              <value>
                <![CDATA[[TestResult name=pruebaCantidadDeCampos status=SUCCESS method=Tests.pruebaCantidadDeCampos()[pri:0, instance:tests.Tests@396e2f39] output={null}]]]>
              </value>
            </param>
          </params>
          <reporter-output>
          </reporter-output>
        </test-method> <!-- tearDown -->
        <test-method is-config="true" signature="setUp()[pri:0, instance:tests.Tests@396e2f39]" started-at="2021-01-12T23:17:49 CET" name="setUp" finished-at="2021-01-12T23:17:55 CET" duration-ms="5606" status="PASS">
          <reporter-output>
          </reporter-output>
        </test-method> <!-- setUp -->
        <test-method signature="pruebaDos()[pri:0, instance:tests.Tests@396e2f39]" started-at="2021-01-12T23:17:55 CET" name="pruebaDos" finished-at="2021-01-12T23:17:56 CET" duration-ms="1746" status="PASS">
          <reporter-output>
          </reporter-output>
        </test-method> <!-- pruebaDos -->
        <test-method is-config="true" signature="tearDown(org.testng.ITestResult)[pri:0, instance:tests.Tests@396e2f39]" started-at="2021-01-12T23:17:56 CET" name="tearDown" finished-at="2021-01-12T23:17:56 CET" duration-ms="42" status="PASS">
          <params>
            <param index="0">
              <value>
                <![CDATA[[TestResult name=pruebaDos status=SUCCESS method=Tests.pruebaDos()[pri:0, instance:tests.Tests@396e2f39] output={null}]]]>
              </value>
            </param>
          </params>
          <reporter-output>
          </reporter-output>
        </test-method> <!-- tearDown -->
        <test-method is-config="true" signature="setUp()[pri:0, instance:tests.Tests@396e2f39]" started-at="2021-01-12T23:17:56 CET" name="setUp" finished-at="2021-01-12T23:18:02 CET" duration-ms="5605" status="PASS">
          <reporter-output>
          </reporter-output>
        </test-method> <!-- setUp -->
        <test-method signature="pruebaTres()[pri:0, instance:tests.Tests@396e2f39]" started-at="2021-01-12T23:18:02 CET" name="pruebaTres" finished-at="2021-01-12T23:18:05 CET" duration-ms="3176" status="PASS">
          <reporter-output>
          </reporter-output>
        </test-method> <!-- pruebaTres -->
        <test-method is-config="true" signature="tearDown(org.testng.ITestResult)[pri:0, instance:tests.Tests@396e2f39]" started-at="2021-01-12T23:18:05 CET" name="tearDown" finished-at="2021-01-12T23:18:05 CET" duration-ms="40" status="PASS">
          <params>
            <param index="0">
              <value>
                <![CDATA[[TestResult name=pruebaTres status=SUCCESS method=Tests.pruebaTres()[pri:0, instance:tests.Tests@396e2f39] output={null}]]]>
              </value>
            </param>
          </params>
          <reporter-output>
          </reporter-output>
        </test-method> <!-- tearDown -->
        <test-method is-config="true" signature="setUp()[pri:0, instance:tests.Tests@396e2f39]" started-at="2021-01-12T23:18:05 CET" name="setUp" finished-at="2021-01-12T23:18:11 CET" duration-ms="5597" status="PASS">
          <reporter-output>
          </reporter-output>
        </test-method> <!-- setUp -->
        <test-method signature="pruebaUno()[pri:0, instance:tests.Tests@396e2f39]" started-at="2021-01-12T23:18:11 CET" name="pruebaUno" finished-at="2021-01-12T23:18:13 CET" duration-ms="1737" status="PASS">
          <reporter-output>
          </reporter-output>
        </test-method> <!-- pruebaUno -->
        <test-method is-config="true" signature="tearDown(org.testng.ITestResult)[pri:0, instance:tests.Tests@396e2f39]" started-at="2021-01-12T23:18:13 CET" name="tearDown" finished-at="2021-01-12T23:18:13 CET" duration-ms="38" status="PASS">
          <params>
            <param index="0">
              <value>
                <![CDATA[[TestResult name=pruebaUno status=SUCCESS method=Tests.pruebaUno()[pri:0, instance:tests.Tests@396e2f39] output={null}]]]>
              </value>
            </param>
          </params>
          <reporter-output>
          </reporter-output>
        </test-method> <!-- tearDown -->
      </class> <!-- tests.Tests -->
    </test> <!-- Command line test -->
  </suite> <!-- tests.Tests -->
</testng-results>
