<?xml version="1.0" encoding="UTF-8"?>
<!-- Generated by org.testng.reporters.JUnitXMLReporter -->
<testsuite ignored="0" hostname="DESKTOP-BNJNQH6" failures="0" tests="4" name="Command line test" time="30.065" errors="0" timestamp="2021-01-12T23:18:13 CET">
  <testcase classname="tests.Tests" name="pruebaCantidadDeCampos" time="0.533"/>
  <testcase classname="tests.Tests" name="pruebaDos" time="1.746"/>
  <testcase classname="tests.Tests" name="pruebaTres" time="3.176"/>
  <testcase classname="tests.Tests" name="pruebaUno" time="1.737"/>
</testsuite> <!-- Command line test -->
