<?xml version="1.0" encoding="UTF-8"?>
<!-- Generated by org.testng.reporters.JUnitXMLReporter -->
<testsuite ignored="0" hostname="DESKTOP-BNJNQH6" failures="0" tests="4" name="Command line test" time="32.771" errors="0" timestamp="2021-01-12T17:52:31 CET">
  <testcase classname="tests.Tests" name="pruebaCantidadDeCampos" time="0.487"/>
  <testcase classname="tests.Tests" name="pruebaDos" time="2.219"/>
  <testcase classname="tests.Tests" name="pruebaTres" time="3.158"/>
  <testcase classname="tests.Tests" name="pruebaUno" time="4.281"/>
</testsuite> <!-- Command line test -->
